<?xml version="1.0" encoding="UTF-8"?>
<testsuite name="UTest" tests="1" skipped="0" failures="1" errors="0" timestamp="2021-02-06T03:09:54" hostname="ROAA" time="0.392">
  <properties/>
  <testcase name="Crear un nuevo usuario." classname="UTest" time="0.392">
    <failure message="java.lang.NullPointerException" type="java.lang.NullPointerException">java.lang.NullPointerException
	at net.serenitybdd.screenplay.actors.OnStage.anActorIsOnStage(OnStage.java:41)
	at net.serenitybdd.screenplay.actors.OnStage.theActorCalled(OnStage.java:32)
	at co.com.choucair.test.prueba.stepdefinitions.UTestStepDefinitions.queOscaringresaalapaginadeutest(UTestStepDefinitions.java:24)
	at âœ½.que Oscar ingresa a la pagina de utest(src/test/resources/features/uTest.feature:10)
</failure>
  </testcase>
  <system-out><![CDATA[]]></system-out>
  <system-err><![CDATA[[Test worker] WARN net.thucydides.core.steps.BaseStepListener - stepStarted: net.thucydides.core.steps.ExecutedStepDescription@15a4f8fa
[Test worker] WARN net.thucydides.core.steps.BaseStepListener - stepStarted: net.thucydides.core.steps.ExecutedStepDescription@374e2760
[Test worker] WARN net.thucydides.core.steps.BaseStepListener - stepStarted: net.thucydides.core.steps.ExecutedStepDescription@70396ad4
[Test worker] WARN net.thucydides.core.steps.BaseStepListener - testFinished: Crear un nuevo usuario.:Dado que Oscar ingresa a la pagina de utest, Cuando Oscar complete el formulario de registro
| strName | strLastName | strMail | strMonth | strDay | strYear |
| tuUsuario | tuClave | ejemplo@ejemplo.com | October | 10 | 1990 |, Entonces Oscar puede comprobar la creacion del usuario
[Test worker] WARN net.thucydides.core.steps.BaseStepListener - TestOutcomes: [Crear un nuevo usuario.:Dado que Oscar ingresa a la pagina de utest, Cuando Oscar complete el formulario de registro
| strName | strLastName | strMail | strMonth | strDay | strYear |
| tuUsuario | tuClave | ejemplo@ejemplo.com | October | 10 | 1990 |, Entonces Oscar puede comprobar la creacion del usuario]
[Test worker] WARN net.thucydides.core.steps.BaseStepListener - Final testOutcomes: [Crear un nuevo usuario.:Dado que Oscar ingresa a la pagina de utest, Cuando Oscar complete el formulario de registro
| strName | strLastName | strMail | strMonth | strDay | strYear |
| tuUsuario | tuClave | ejemplo@ejemplo.com | October | 10 | 1990 |, Entonces Oscar puede comprobar la creacion del usuario]
[Test worker] ERROR net.thucydides.core.steps.ConsoleLoggingListener - 
           __  _____ _____ ____ _____   _____ _    ___ _     _____ ____  
  _       / / |_   _| ____/ ___|_   _| |  ___/ \  |_ _| |   | ____|  _ \ 
 (_)_____| |    | | |  _| \___ \ | |   | |_ / _ \  | || |   |  _| | | | |
  _|_____| |    | | | |___ ___) || |   |  _/ ___ \ | || |___| |___| |_| |
 (_)     | |    |_| |_____|____/ |_|   |_|/_/   \_\___|_____|_____|____/ 
          \_\                                                            

TEST FAILED WITH ERROR: Crear un nuevo usuario.
---------------------------------------------------------------------
[Test worker] ERROR net.thucydides.core.steps.ConsoleLoggingListener - TEST FAILED AT STEP Dado que Oscar ingresa a la pagina de utest
[Test worker] ERROR net.thucydides.core.steps.ConsoleLoggingListener - 
]]></system-err>
</testsuite>
